2019-11-27 09:43:49 [scrapy.utils.log] INFO: Scrapy 1.8.0 started (bot: paowangrizi)
2019-11-27 09:43:49 [scrapy.utils.log] INFO: Versions: lxml 4.4.1.0, libxml2 2.9.4, cssselect 1.1.0, parsel 1.5.2, w3lib 1.21.0, Twisted 19.10.0, Python 3.8.0 (v3.8.0:fa919fdf25, Oct 14 2019, 10:23:27) - [Clang 6.0 (clang-600.0.57)], pyOpenSSL 19.0.0 (OpenSSL 1.1.1d  10 Sep 2019), cryptography 2.8, Platform macOS-10.14.5-x86_64-i386-64bit
2019-11-27 09:43:49 [scrapy.crawler] INFO: Overridden settings: {'BOT_NAME': 'paowangrizi', 'LOG_FILE': 'paowang.log', 'LOG_LEVEL': 'INFO', 'NEWSPIDER_MODULE': 'paowangrizi.spiders', 'ROBOTSTXT_OBEY': True, 'SPIDER_MODULES': ['paowangrizi.spiders']}
2019-11-27 09:43:50 [scrapy.extensions.telnet] INFO: Telnet Password: 022edc39ba2e1a1b
2019-11-27 09:43:50 [scrapy.middleware] INFO: Enabled extensions:
['scrapy.extensions.corestats.CoreStats',
 'scrapy.extensions.telnet.TelnetConsole',
 'scrapy.extensions.memusage.MemoryUsage',
 'scrapy.extensions.logstats.LogStats']
2019-11-27 09:43:50 [scrapy.middleware] INFO: Enabled downloader middlewares:
['scrapy.downloadermiddlewares.robotstxt.RobotsTxtMiddleware',
 'scrapy.downloadermiddlewares.httpauth.HttpAuthMiddleware',
 'scrapy.downloadermiddlewares.downloadtimeout.DownloadTimeoutMiddleware',
 'scrapy.downloadermiddlewares.defaultheaders.DefaultHeadersMiddleware',
 'scrapy.downloadermiddlewares.useragent.UserAgentMiddleware',
 'scrapy.downloadermiddlewares.retry.RetryMiddleware',
 'scrapy.downloadermiddlewares.redirect.MetaRefreshMiddleware',
 'scrapy.downloadermiddlewares.httpcompression.HttpCompressionMiddleware',
 'scrapy.downloadermiddlewares.redirect.RedirectMiddleware',
 'scrapy.downloadermiddlewares.cookies.CookiesMiddleware',
 'scrapy.downloadermiddlewares.httpproxy.HttpProxyMiddleware',
 'scrapy.downloadermiddlewares.stats.DownloaderStats']
2019-11-27 09:43:50 [scrapy.middleware] INFO: Enabled spider middlewares:
['scrapy.spidermiddlewares.httperror.HttpErrorMiddleware',
 'scrapy.spidermiddlewares.offsite.OffsiteMiddleware',
 'scrapy.spidermiddlewares.referer.RefererMiddleware',
 'scrapy.spidermiddlewares.urllength.UrlLengthMiddleware',
 'scrapy.spidermiddlewares.depth.DepthMiddleware']
2019-11-27 09:43:50 [scrapy.middleware] INFO: Enabled item pipelines:
['paowangrizi.pipelines.PaowangriziPipeline']
2019-11-27 09:43:50 [scrapy.core.engine] INFO: Spider opened
2019-11-27 09:43:50 [scrapy.extensions.logstats] INFO: Crawled 0 pages (at 0 pages/min), scraped 0 items (at 0 items/min)
2019-11-27 09:43:50 [scrapy.extensions.telnet] INFO: Telnet console listening on 127.0.0.1:6023
2019-11-27 09:44:11 [scrapy.core.engine] INFO: Closing spider (finished)
2019-11-27 09:44:11 [scrapy.statscollectors] INFO: Dumping Scrapy stats:
{'downloader/request_bytes': 36569,
 'downloader/request_count': 107,
 'downloader/request_method_count/GET': 107,
 'downloader/response_bytes': 986968,
 'downloader/response_count': 107,
 'downloader/response_status_count/200': 106,
 'downloader/response_status_count/404': 1,
 'dupefilter/filtered': 6,
 'elapsed_time_seconds': 21.51934,
 'finish_reason': 'finished',
 'finish_time': datetime.datetime(2019, 11, 27, 1, 44, 11, 667373),
 'item_scraped_count': 99,
 'log_count/INFO': 10,
 'memusage/max': 54325248,
 'memusage/startup': 54325248,
 'request_depth_max': 7,
 'response_received_count': 107,
 'robotstxt/request_count': 1,
 'robotstxt/response_count': 1,
 'robotstxt/response_status_count/404': 1,
 'scheduler/dequeued': 106,
 'scheduler/dequeued/memory': 106,
 'scheduler/enqueued': 106,
 'scheduler/enqueued/memory': 106,
 'start_time': datetime.datetime(2019, 11, 27, 1, 43, 50, 148033)}
2019-11-27 09:44:11 [scrapy.core.engine] INFO: Spider closed (finished)
