2019-11-28 10:29:56 [scrapy.utils.log] INFO: Scrapy 1.8.0 started (bot: baidu)
2019-11-28 10:29:56 [scrapy.utils.log] INFO: Versions: lxml 4.4.1.0, libxml2 2.9.4, cssselect 1.1.0, parsel 1.5.2, w3lib 1.21.0, Twisted 19.10.0, Python 3.8.0 (v3.8.0:fa919fdf25, Oct 14 2019, 10:23:27) - [Clang 6.0 (clang-600.0.57)], pyOpenSSL 19.0.0 (OpenSSL 1.1.1d  10 Sep 2019), cryptography 2.8, Platform macOS-10.14.5-x86_64-i386-64bit
2019-11-28 10:29:56 [scrapy.crawler] INFO: Overridden settings: {'BOT_NAME': 'baidu', 'LOG_FILE': 'bd.log', 'NEWSPIDER_MODULE': 'baidu.spiders', 'ROBOTSTXT_OBEY': True, 'SPIDER_MODULES': ['baidu.spiders']}
2019-11-28 10:29:56 [scrapy.extensions.telnet] INFO: Telnet Password: d9cf3a45c6ae1876
2019-11-28 10:29:56 [scrapy.middleware] INFO: Enabled extensions:
['scrapy.extensions.corestats.CoreStats',
 'scrapy.extensions.telnet.TelnetConsole',
 'scrapy.extensions.memusage.MemoryUsage',
 'scrapy.extensions.logstats.LogStats']
2019-11-28 10:29:56 [scrapy.middleware] INFO: Enabled downloader middlewares:
['scrapy.downloadermiddlewares.robotstxt.RobotsTxtMiddleware',
 'scrapy.downloadermiddlewares.httpauth.HttpAuthMiddleware',
 'scrapy.downloadermiddlewares.downloadtimeout.DownloadTimeoutMiddleware',
 'scrapy.downloadermiddlewares.defaultheaders.DefaultHeadersMiddleware',
 'scrapy.downloadermiddlewares.useragent.UserAgentMiddleware',
 'baidu.middlewares.UserAgentMiddleware',
 'scrapy.downloadermiddlewares.retry.RetryMiddleware',
 'scrapy.downloadermiddlewares.redirect.MetaRefreshMiddleware',
 'scrapy.downloadermiddlewares.httpcompression.HttpCompressionMiddleware',
 'scrapy.downloadermiddlewares.redirect.RedirectMiddleware',
 'scrapy.downloadermiddlewares.cookies.CookiesMiddleware',
 'scrapy.downloadermiddlewares.httpproxy.HttpProxyMiddleware',
 'scrapy.downloadermiddlewares.stats.DownloaderStats']
2019-11-28 10:29:56 [scrapy.middleware] INFO: Enabled spider middlewares:
['scrapy.spidermiddlewares.httperror.HttpErrorMiddleware',
 'scrapy.spidermiddlewares.offsite.OffsiteMiddleware',
 'scrapy.spidermiddlewares.referer.RefererMiddleware',
 'scrapy.spidermiddlewares.urllength.UrlLengthMiddleware',
 'scrapy.spidermiddlewares.depth.DepthMiddleware']
2019-11-28 10:29:56 [scrapy.middleware] INFO: Enabled item pipelines:
[]
2019-11-28 10:29:56 [scrapy.core.engine] INFO: Spider opened
2019-11-28 10:29:56 [scrapy.extensions.logstats] INFO: Crawled 0 pages (at 0 pages/min), scraped 0 items (at 0 items/min)
2019-11-28 10:29:56 [scrapy.extensions.telnet] INFO: Telnet console listening on 127.0.0.1:6023
2019-11-28 10:29:56 [scrapy.core.engine] DEBUG: Crawled (200) <GET http://baidu.com/robots.txt> (referer: None)
2019-11-28 10:29:56 [scrapy.downloadermiddlewares.robotstxt] DEBUG: Forbidden by robots.txt: <GET http://baidu.com/>
2019-11-28 10:29:57 [scrapy.core.engine] INFO: Closing spider (finished)
2019-11-28 10:29:57 [scrapy.statscollectors] INFO: Dumping Scrapy stats:
{'downloader/exception_count': 1,
 'downloader/exception_type_count/scrapy.exceptions.IgnoreRequest': 1,
 'downloader/request_bytes': 372,
 'downloader/request_count': 1,
 'downloader/request_method_count/GET': 1,
 'downloader/response_bytes': 2680,
 'downloader/response_count': 1,
 'downloader/response_status_count/200': 1,
 'elapsed_time_seconds': 0.44472,
 'finish_reason': 'finished',
 'finish_time': datetime.datetime(2019, 11, 28, 2, 29, 57, 194473),
 'log_count/DEBUG': 2,
 'log_count/INFO': 10,
 'memusage/max': 50921472,
 'memusage/startup': 50921472,
 'response_received_count': 1,
 'robotstxt/forbidden': 1,
 'robotstxt/request_count': 1,
 'robotstxt/response_count': 1,
 'robotstxt/response_status_count/200': 1,
 'scheduler/dequeued': 1,
 'scheduler/dequeued/memory': 1,
 'scheduler/enqueued': 1,
 'scheduler/enqueued/memory': 1,
 'start_time': datetime.datetime(2019, 11, 28, 2, 29, 56, 749753)}
2019-11-28 10:29:57 [scrapy.core.engine] INFO: Spider closed (finished)
2019-11-28 10:30:14 [scrapy.utils.log] INFO: Scrapy 1.8.0 started (bot: baidu)
2019-11-28 10:30:14 [scrapy.utils.log] INFO: Versions: lxml 4.4.1.0, libxml2 2.9.4, cssselect 1.1.0, parsel 1.5.2, w3lib 1.21.0, Twisted 19.10.0, Python 3.8.0 (v3.8.0:fa919fdf25, Oct 14 2019, 10:23:27) - [Clang 6.0 (clang-600.0.57)], pyOpenSSL 19.0.0 (OpenSSL 1.1.1d  10 Sep 2019), cryptography 2.8, Platform macOS-10.14.5-x86_64-i386-64bit
2019-11-28 10:30:14 [scrapy.crawler] INFO: Overridden settings: {'BOT_NAME': 'baidu', 'LOG_FILE': 'bd.log', 'NEWSPIDER_MODULE': 'baidu.spiders', 'ROBOTSTXT_OBEY': True, 'SPIDER_MODULES': ['baidu.spiders']}
2019-11-28 10:30:14 [scrapy.extensions.telnet] INFO: Telnet Password: 7d93d04bd21d4d9e
2019-11-28 10:30:14 [scrapy.middleware] INFO: Enabled extensions:
['scrapy.extensions.corestats.CoreStats',
 'scrapy.extensions.telnet.TelnetConsole',
 'scrapy.extensions.memusage.MemoryUsage',
 'scrapy.extensions.logstats.LogStats']
2019-11-28 10:30:14 [scrapy.middleware] INFO: Enabled downloader middlewares:
['scrapy.downloadermiddlewares.robotstxt.RobotsTxtMiddleware',
 'scrapy.downloadermiddlewares.httpauth.HttpAuthMiddleware',
 'scrapy.downloadermiddlewares.downloadtimeout.DownloadTimeoutMiddleware',
 'scrapy.downloadermiddlewares.defaultheaders.DefaultHeadersMiddleware',
 'scrapy.downloadermiddlewares.useragent.UserAgentMiddleware',
 'baidu.middlewares.UserAgentMiddleware',
 'scrapy.downloadermiddlewares.retry.RetryMiddleware',
 'scrapy.downloadermiddlewares.redirect.MetaRefreshMiddleware',
 'scrapy.downloadermiddlewares.httpcompression.HttpCompressionMiddleware',
 'scrapy.downloadermiddlewares.redirect.RedirectMiddleware',
 'scrapy.downloadermiddlewares.cookies.CookiesMiddleware',
 'scrapy.downloadermiddlewares.httpproxy.HttpProxyMiddleware',
 'scrapy.downloadermiddlewares.stats.DownloaderStats']
2019-11-28 10:30:14 [scrapy.middleware] INFO: Enabled spider middlewares:
['scrapy.spidermiddlewares.httperror.HttpErrorMiddleware',
 'scrapy.spidermiddlewares.offsite.OffsiteMiddleware',
 'scrapy.spidermiddlewares.referer.RefererMiddleware',
 'scrapy.spidermiddlewares.urllength.UrlLengthMiddleware',
 'scrapy.spidermiddlewares.depth.DepthMiddleware']
2019-11-28 10:30:14 [scrapy.middleware] INFO: Enabled item pipelines:
[]
2019-11-28 10:30:14 [scrapy.core.engine] INFO: Spider opened
2019-11-28 10:30:14 [scrapy.extensions.logstats] INFO: Crawled 0 pages (at 0 pages/min), scraped 0 items (at 0 items/min)
2019-11-28 10:30:14 [scrapy.extensions.telnet] INFO: Telnet console listening on 127.0.0.1:6023
2019-11-28 10:30:15 [scrapy.core.engine] DEBUG: Crawled (200) <GET http://baidu.com/robots.txt> (referer: None)
2019-11-28 10:30:15 [scrapy.downloadermiddlewares.robotstxt] DEBUG: Forbidden by robots.txt: <GET http://baidu.com/>
2019-11-28 10:30:15 [scrapy.core.engine] INFO: Closing spider (finished)
2019-11-28 10:30:15 [scrapy.statscollectors] INFO: Dumping Scrapy stats:
{'downloader/exception_count': 1,
 'downloader/exception_type_count/scrapy.exceptions.IgnoreRequest': 1,
 'downloader/request_bytes': 316,
 'downloader/request_count': 1,
 'downloader/request_method_count/GET': 1,
 'downloader/response_bytes': 2680,
 'downloader/response_count': 1,
 'downloader/response_status_count/200': 1,
 'elapsed_time_seconds': 1.467639,
 'finish_reason': 'finished',
 'finish_time': datetime.datetime(2019, 11, 28, 2, 30, 15, 592297),
 'log_count/DEBUG': 2,
 'log_count/INFO': 10,
 'memusage/max': 50933760,
 'memusage/startup': 50933760,
 'response_received_count': 1,
 'robotstxt/forbidden': 1,
 'robotstxt/request_count': 1,
 'robotstxt/response_count': 1,
 'robotstxt/response_status_count/200': 1,
 'scheduler/dequeued': 1,
 'scheduler/dequeued/memory': 1,
 'scheduler/enqueued': 1,
 'scheduler/enqueued/memory': 1,
 'start_time': datetime.datetime(2019, 11, 28, 2, 30, 14, 124658)}
2019-11-28 10:30:15 [scrapy.core.engine] INFO: Spider closed (finished)
2019-11-28 10:30:29 [scrapy.utils.log] INFO: Scrapy 1.8.0 started (bot: baidu)
2019-11-28 10:30:29 [scrapy.utils.log] INFO: Versions: lxml 4.4.1.0, libxml2 2.9.4, cssselect 1.1.0, parsel 1.5.2, w3lib 1.21.0, Twisted 19.10.0, Python 3.8.0 (v3.8.0:fa919fdf25, Oct 14 2019, 10:23:27) - [Clang 6.0 (clang-600.0.57)], pyOpenSSL 19.0.0 (OpenSSL 1.1.1d  10 Sep 2019), cryptography 2.8, Platform macOS-10.14.5-x86_64-i386-64bit
2019-11-28 10:30:29 [scrapy.crawler] INFO: Overridden settings: {'BOT_NAME': 'baidu', 'LOG_FILE': 'bd.log', 'NEWSPIDER_MODULE': 'baidu.spiders', 'ROBOTSTXT_OBEY': True, 'SPIDER_MODULES': ['baidu.spiders']}
2019-11-28 10:30:29 [scrapy.extensions.telnet] INFO: Telnet Password: 8f6ca15e4c96f7c0
2019-11-28 10:30:29 [scrapy.middleware] INFO: Enabled extensions:
['scrapy.extensions.corestats.CoreStats',
 'scrapy.extensions.telnet.TelnetConsole',
 'scrapy.extensions.memusage.MemoryUsage',
 'scrapy.extensions.logstats.LogStats']
2019-11-28 10:30:29 [scrapy.middleware] INFO: Enabled downloader middlewares:
['scrapy.downloadermiddlewares.robotstxt.RobotsTxtMiddleware',
 'scrapy.downloadermiddlewares.httpauth.HttpAuthMiddleware',
 'scrapy.downloadermiddlewares.downloadtimeout.DownloadTimeoutMiddleware',
 'scrapy.downloadermiddlewares.defaultheaders.DefaultHeadersMiddleware',
 'scrapy.downloadermiddlewares.useragent.UserAgentMiddleware',
 'baidu.middlewares.UserAgentMiddleware',
 'scrapy.downloadermiddlewares.retry.RetryMiddleware',
 'scrapy.downloadermiddlewares.redirect.MetaRefreshMiddleware',
 'scrapy.downloadermiddlewares.httpcompression.HttpCompressionMiddleware',
 'scrapy.downloadermiddlewares.redirect.RedirectMiddleware',
 'scrapy.downloadermiddlewares.cookies.CookiesMiddleware',
 'scrapy.downloadermiddlewares.httpproxy.HttpProxyMiddleware',
 'scrapy.downloadermiddlewares.stats.DownloaderStats']
2019-11-28 10:30:29 [scrapy.middleware] INFO: Enabled spider middlewares:
['scrapy.spidermiddlewares.httperror.HttpErrorMiddleware',
 'scrapy.spidermiddlewares.offsite.OffsiteMiddleware',
 'scrapy.spidermiddlewares.referer.RefererMiddleware',
 'scrapy.spidermiddlewares.urllength.UrlLengthMiddleware',
 'scrapy.spidermiddlewares.depth.DepthMiddleware']
2019-11-28 10:30:29 [scrapy.middleware] INFO: Enabled item pipelines:
[]
2019-11-28 10:30:29 [scrapy.core.engine] INFO: Spider opened
2019-11-28 10:30:29 [scrapy.extensions.logstats] INFO: Crawled 0 pages (at 0 pages/min), scraped 0 items (at 0 items/min)
2019-11-28 10:30:29 [scrapy.extensions.telnet] INFO: Telnet console listening on 127.0.0.1:6023
2019-11-28 10:30:30 [scrapy.core.engine] DEBUG: Crawled (200) <GET http://baidu.com/robots.txt> (referer: None)
2019-11-28 10:30:30 [scrapy.downloadermiddlewares.robotstxt] DEBUG: Forbidden by robots.txt: <GET http://baidu.com/>
2019-11-28 10:30:30 [scrapy.core.engine] INFO: Closing spider (finished)
2019-11-28 10:30:30 [scrapy.statscollectors] INFO: Dumping Scrapy stats:
{'downloader/exception_count': 1,
 'downloader/exception_type_count/scrapy.exceptions.IgnoreRequest': 1,
 'downloader/request_bytes': 279,
 'downloader/request_count': 1,
 'downloader/request_method_count/GET': 1,
 'downloader/response_bytes': 2680,
 'downloader/response_count': 1,
 'downloader/response_status_count/200': 1,
 'elapsed_time_seconds': 0.452938,
 'finish_reason': 'finished',
 'finish_time': datetime.datetime(2019, 11, 28, 2, 30, 30, 347297),
 'log_count/DEBUG': 2,
 'log_count/INFO': 10,
 'memusage/max': 50909184,
 'memusage/startup': 50909184,
 'response_received_count': 1,
 'robotstxt/forbidden': 1,
 'robotstxt/request_count': 1,
 'robotstxt/response_count': 1,
 'robotstxt/response_status_count/200': 1,
 'scheduler/dequeued': 1,
 'scheduler/dequeued/memory': 1,
 'scheduler/enqueued': 1,
 'scheduler/enqueued/memory': 1,
 'start_time': datetime.datetime(2019, 11, 28, 2, 30, 29, 894359)}
2019-11-28 10:30:30 [scrapy.core.engine] INFO: Spider closed (finished)
2019-11-28 10:30:33 [scrapy.utils.log] INFO: Scrapy 1.8.0 started (bot: baidu)
2019-11-28 10:30:33 [scrapy.utils.log] INFO: Versions: lxml 4.4.1.0, libxml2 2.9.4, cssselect 1.1.0, parsel 1.5.2, w3lib 1.21.0, Twisted 19.10.0, Python 3.8.0 (v3.8.0:fa919fdf25, Oct 14 2019, 10:23:27) - [Clang 6.0 (clang-600.0.57)], pyOpenSSL 19.0.0 (OpenSSL 1.1.1d  10 Sep 2019), cryptography 2.8, Platform macOS-10.14.5-x86_64-i386-64bit
2019-11-28 10:30:33 [scrapy.crawler] INFO: Overridden settings: {'BOT_NAME': 'baidu', 'LOG_FILE': 'bd.log', 'NEWSPIDER_MODULE': 'baidu.spiders', 'ROBOTSTXT_OBEY': True, 'SPIDER_MODULES': ['baidu.spiders']}
2019-11-28 10:30:33 [scrapy.extensions.telnet] INFO: Telnet Password: af16ef7069190584
2019-11-28 10:30:33 [scrapy.middleware] INFO: Enabled extensions:
['scrapy.extensions.corestats.CoreStats',
 'scrapy.extensions.telnet.TelnetConsole',
 'scrapy.extensions.memusage.MemoryUsage',
 'scrapy.extensions.logstats.LogStats']
2019-11-28 10:30:33 [scrapy.middleware] INFO: Enabled downloader middlewares:
['scrapy.downloadermiddlewares.robotstxt.RobotsTxtMiddleware',
 'scrapy.downloadermiddlewares.httpauth.HttpAuthMiddleware',
 'scrapy.downloadermiddlewares.downloadtimeout.DownloadTimeoutMiddleware',
 'scrapy.downloadermiddlewares.defaultheaders.DefaultHeadersMiddleware',
 'scrapy.downloadermiddlewares.useragent.UserAgentMiddleware',
 'baidu.middlewares.UserAgentMiddleware',
 'scrapy.downloadermiddlewares.retry.RetryMiddleware',
 'scrapy.downloadermiddlewares.redirect.MetaRefreshMiddleware',
 'scrapy.downloadermiddlewares.httpcompression.HttpCompressionMiddleware',
 'scrapy.downloadermiddlewares.redirect.RedirectMiddleware',
 'scrapy.downloadermiddlewares.cookies.CookiesMiddleware',
 'scrapy.downloadermiddlewares.httpproxy.HttpProxyMiddleware',
 'scrapy.downloadermiddlewares.stats.DownloaderStats']
2019-11-28 10:30:33 [scrapy.middleware] INFO: Enabled spider middlewares:
['scrapy.spidermiddlewares.httperror.HttpErrorMiddleware',
 'scrapy.spidermiddlewares.offsite.OffsiteMiddleware',
 'scrapy.spidermiddlewares.referer.RefererMiddleware',
 'scrapy.spidermiddlewares.urllength.UrlLengthMiddleware',
 'scrapy.spidermiddlewares.depth.DepthMiddleware']
2019-11-28 10:30:33 [scrapy.middleware] INFO: Enabled item pipelines:
[]
2019-11-28 10:30:33 [scrapy.core.engine] INFO: Spider opened
2019-11-28 10:30:33 [scrapy.extensions.logstats] INFO: Crawled 0 pages (at 0 pages/min), scraped 0 items (at 0 items/min)
2019-11-28 10:30:33 [scrapy.extensions.telnet] INFO: Telnet console listening on 127.0.0.1:6023
2019-11-28 10:30:33 [scrapy.core.engine] DEBUG: Crawled (200) <GET http://baidu.com/robots.txt> (referer: None)
2019-11-28 10:30:33 [scrapy.downloadermiddlewares.robotstxt] DEBUG: Forbidden by robots.txt: <GET http://baidu.com/>
2019-11-28 10:30:33 [scrapy.core.engine] INFO: Closing spider (finished)
2019-11-28 10:30:33 [scrapy.statscollectors] INFO: Dumping Scrapy stats:
{'downloader/exception_count': 1,
 'downloader/exception_type_count/scrapy.exceptions.IgnoreRequest': 1,
 'downloader/request_bytes': 340,
 'downloader/request_count': 1,
 'downloader/request_method_count/GET': 1,
 'downloader/response_bytes': 2680,
 'downloader/response_count': 1,
 'downloader/response_status_count/200': 1,
 'elapsed_time_seconds': 0.425903,
 'finish_reason': 'finished',
 'finish_time': datetime.datetime(2019, 11, 28, 2, 30, 33, 768582),
 'log_count/DEBUG': 2,
 'log_count/INFO': 10,
 'memusage/max': 50982912,
 'memusage/startup': 50982912,
 'response_received_count': 1,
 'robotstxt/forbidden': 1,
 'robotstxt/request_count': 1,
 'robotstxt/response_count': 1,
 'robotstxt/response_status_count/200': 1,
 'scheduler/dequeued': 1,
 'scheduler/dequeued/memory': 1,
 'scheduler/enqueued': 1,
 'scheduler/enqueued/memory': 1,
 'start_time': datetime.datetime(2019, 11, 28, 2, 30, 33, 342679)}
2019-11-28 10:30:33 [scrapy.core.engine] INFO: Spider closed (finished)
2019-11-28 10:30:37 [scrapy.utils.log] INFO: Scrapy 1.8.0 started (bot: baidu)
2019-11-28 10:30:37 [scrapy.utils.log] INFO: Versions: lxml 4.4.1.0, libxml2 2.9.4, cssselect 1.1.0, parsel 1.5.2, w3lib 1.21.0, Twisted 19.10.0, Python 3.8.0 (v3.8.0:fa919fdf25, Oct 14 2019, 10:23:27) - [Clang 6.0 (clang-600.0.57)], pyOpenSSL 19.0.0 (OpenSSL 1.1.1d  10 Sep 2019), cryptography 2.8, Platform macOS-10.14.5-x86_64-i386-64bit
2019-11-28 10:30:39 [scrapy.utils.log] INFO: Scrapy 1.8.0 started (bot: baidu)
2019-11-28 10:30:39 [scrapy.utils.log] INFO: Versions: lxml 4.4.1.0, libxml2 2.9.4, cssselect 1.1.0, parsel 1.5.2, w3lib 1.21.0, Twisted 19.10.0, Python 3.8.0 (v3.8.0:fa919fdf25, Oct 14 2019, 10:23:27) - [Clang 6.0 (clang-600.0.57)], pyOpenSSL 19.0.0 (OpenSSL 1.1.1d  10 Sep 2019), cryptography 2.8, Platform macOS-10.14.5-x86_64-i386-64bit
2019-11-28 10:30:39 [scrapy.crawler] INFO: Overridden settings: {'BOT_NAME': 'baidu', 'LOG_FILE': 'bd.log', 'NEWSPIDER_MODULE': 'baidu.spiders', 'ROBOTSTXT_OBEY': True, 'SPIDER_MODULES': ['baidu.spiders']}
2019-11-28 10:30:39 [scrapy.extensions.telnet] INFO: Telnet Password: ea5a345c8dd9c465
2019-11-28 10:30:40 [scrapy.middleware] INFO: Enabled extensions:
['scrapy.extensions.corestats.CoreStats',
 'scrapy.extensions.telnet.TelnetConsole',
 'scrapy.extensions.memusage.MemoryUsage',
 'scrapy.extensions.logstats.LogStats']
2019-11-28 10:30:40 [scrapy.middleware] INFO: Enabled downloader middlewares:
['scrapy.downloadermiddlewares.robotstxt.RobotsTxtMiddleware',
 'scrapy.downloadermiddlewares.httpauth.HttpAuthMiddleware',
 'scrapy.downloadermiddlewares.downloadtimeout.DownloadTimeoutMiddleware',
 'scrapy.downloadermiddlewares.defaultheaders.DefaultHeadersMiddleware',
 'scrapy.downloadermiddlewares.useragent.UserAgentMiddleware',
 'baidu.middlewares.UserAgentMiddleware',
 'scrapy.downloadermiddlewares.retry.RetryMiddleware',
 'scrapy.downloadermiddlewares.redirect.MetaRefreshMiddleware',
 'scrapy.downloadermiddlewares.httpcompression.HttpCompressionMiddleware',
 'scrapy.downloadermiddlewares.redirect.RedirectMiddleware',
 'scrapy.downloadermiddlewares.cookies.CookiesMiddleware',
 'scrapy.downloadermiddlewares.httpproxy.HttpProxyMiddleware',
 'scrapy.downloadermiddlewares.stats.DownloaderStats']
2019-11-28 10:30:40 [scrapy.middleware] INFO: Enabled spider middlewares:
['scrapy.spidermiddlewares.httperror.HttpErrorMiddleware',
 'scrapy.spidermiddlewares.offsite.OffsiteMiddleware',
 'scrapy.spidermiddlewares.referer.RefererMiddleware',
 'scrapy.spidermiddlewares.urllength.UrlLengthMiddleware',
 'scrapy.spidermiddlewares.depth.DepthMiddleware']
2019-11-28 10:30:40 [scrapy.middleware] INFO: Enabled item pipelines:
[]
2019-11-28 10:30:40 [scrapy.core.engine] INFO: Spider opened
2019-11-28 10:30:40 [scrapy.extensions.logstats] INFO: Crawled 0 pages (at 0 pages/min), scraped 0 items (at 0 items/min)
2019-11-28 10:30:40 [scrapy.extensions.telnet] INFO: Telnet console listening on 127.0.0.1:6023
2019-11-28 10:30:40 [scrapy.core.engine] DEBUG: Crawled (200) <GET http://baidu.com/robots.txt> (referer: None)
2019-11-28 10:30:40 [scrapy.downloadermiddlewares.robotstxt] DEBUG: Forbidden by robots.txt: <GET http://baidu.com/>
2019-11-28 10:30:40 [scrapy.core.engine] INFO: Closing spider (finished)
2019-11-28 10:30:40 [scrapy.statscollectors] INFO: Dumping Scrapy stats:
{'downloader/exception_count': 1,
 'downloader/exception_type_count/scrapy.exceptions.IgnoreRequest': 1,
 'downloader/request_bytes': 316,
 'downloader/request_count': 1,
 'downloader/request_method_count/GET': 1,
 'downloader/response_bytes': 2680,
 'downloader/response_count': 1,
 'downloader/response_status_count/200': 1,
 'elapsed_time_seconds': 0.311978,
 'finish_reason': 'finished',
 'finish_time': datetime.datetime(2019, 11, 28, 2, 30, 40, 381255),
 'log_count/DEBUG': 2,
 'log_count/INFO': 10,
 'memusage/max': 50962432,
 'memusage/startup': 50962432,
 'response_received_count': 1,
 'robotstxt/forbidden': 1,
 'robotstxt/request_count': 1,
 'robotstxt/response_count': 1,
 'robotstxt/response_status_count/200': 1,
 'scheduler/dequeued': 1,
 'scheduler/dequeued/memory': 1,
 'scheduler/enqueued': 1,
 'scheduler/enqueued/memory': 1,
 'start_time': datetime.datetime(2019, 11, 28, 2, 30, 40, 69277)}
2019-11-28 10:30:40 [scrapy.core.engine] INFO: Spider closed (finished)
2019-11-28 10:30:43 [scrapy.utils.log] INFO: Scrapy 1.8.0 started (bot: baidu)
2019-11-28 10:30:43 [scrapy.utils.log] INFO: Versions: lxml 4.4.1.0, libxml2 2.9.4, cssselect 1.1.0, parsel 1.5.2, w3lib 1.21.0, Twisted 19.10.0, Python 3.8.0 (v3.8.0:fa919fdf25, Oct 14 2019, 10:23:27) - [Clang 6.0 (clang-600.0.57)], pyOpenSSL 19.0.0 (OpenSSL 1.1.1d  10 Sep 2019), cryptography 2.8, Platform macOS-10.14.5-x86_64-i386-64bit
2019-11-28 10:30:43 [scrapy.crawler] INFO: Overridden settings: {'BOT_NAME': 'baidu', 'LOG_FILE': 'bd.log', 'NEWSPIDER_MODULE': 'baidu.spiders', 'ROBOTSTXT_OBEY': True, 'SPIDER_MODULES': ['baidu.spiders']}
2019-11-28 10:30:43 [scrapy.extensions.telnet] INFO: Telnet Password: d15512e0df62c83c
2019-11-28 10:30:43 [scrapy.middleware] INFO: Enabled extensions:
['scrapy.extensions.corestats.CoreStats',
 'scrapy.extensions.telnet.TelnetConsole',
 'scrapy.extensions.memusage.MemoryUsage',
 'scrapy.extensions.logstats.LogStats']
2019-11-28 10:30:43 [scrapy.middleware] INFO: Enabled downloader middlewares:
['scrapy.downloadermiddlewares.robotstxt.RobotsTxtMiddleware',
 'scrapy.downloadermiddlewares.httpauth.HttpAuthMiddleware',
 'scrapy.downloadermiddlewares.downloadtimeout.DownloadTimeoutMiddleware',
 'scrapy.downloadermiddlewares.defaultheaders.DefaultHeadersMiddleware',
 'scrapy.downloadermiddlewares.useragent.UserAgentMiddleware',
 'baidu.middlewares.UserAgentMiddleware',
 'scrapy.downloadermiddlewares.retry.RetryMiddleware',
 'scrapy.downloadermiddlewares.redirect.MetaRefreshMiddleware',
 'scrapy.downloadermiddlewares.httpcompression.HttpCompressionMiddleware',
 'scrapy.downloadermiddlewares.redirect.RedirectMiddleware',
 'scrapy.downloadermiddlewares.cookies.CookiesMiddleware',
 'scrapy.downloadermiddlewares.httpproxy.HttpProxyMiddleware',
 'scrapy.downloadermiddlewares.stats.DownloaderStats']
2019-11-28 10:30:43 [scrapy.middleware] INFO: Enabled spider middlewares:
['scrapy.spidermiddlewares.httperror.HttpErrorMiddleware',
 'scrapy.spidermiddlewares.offsite.OffsiteMiddleware',
 'scrapy.spidermiddlewares.referer.RefererMiddleware',
 'scrapy.spidermiddlewares.urllength.UrlLengthMiddleware',
 'scrapy.spidermiddlewares.depth.DepthMiddleware']
2019-11-28 10:30:43 [scrapy.middleware] INFO: Enabled item pipelines:
[]
2019-11-28 10:30:43 [scrapy.core.engine] INFO: Spider opened
2019-11-28 10:30:43 [scrapy.extensions.logstats] INFO: Crawled 0 pages (at 0 pages/min), scraped 0 items (at 0 items/min)
2019-11-28 10:30:43 [scrapy.extensions.telnet] INFO: Telnet console listening on 127.0.0.1:6023
2019-11-28 10:30:43 [scrapy.core.engine] DEBUG: Crawled (200) <GET http://baidu.com/robots.txt> (referer: None)
2019-11-28 10:30:43 [scrapy.downloadermiddlewares.robotstxt] DEBUG: Forbidden by robots.txt: <GET http://baidu.com/>
2019-11-28 10:30:43 [scrapy.core.engine] INFO: Closing spider (finished)
2019-11-28 10:30:43 [scrapy.statscollectors] INFO: Dumping Scrapy stats:
{'downloader/exception_count': 1,
 'downloader/exception_type_count/scrapy.exceptions.IgnoreRequest': 1,
 'downloader/request_bytes': 309,
 'downloader/request_count': 1,
 'downloader/request_method_count/GET': 1,
 'downloader/response_bytes': 2680,
 'downloader/response_count': 1,
 'downloader/response_status_count/200': 1,
 'elapsed_time_seconds': 0.312001,
 'finish_reason': 'finished',
 'finish_time': datetime.datetime(2019, 11, 28, 2, 30, 43, 429597),
 'log_count/DEBUG': 2,
 'log_count/INFO': 10,
 'memusage/max': 50941952,
 'memusage/startup': 50941952,
 'response_received_count': 1,
 'robotstxt/forbidden': 1,
 'robotstxt/request_count': 1,
 'robotstxt/response_count': 1,
 'robotstxt/response_status_count/200': 1,
 'scheduler/dequeued': 1,
 'scheduler/dequeued/memory': 1,
 'scheduler/enqueued': 1,
 'scheduler/enqueued/memory': 1,
 'start_time': datetime.datetime(2019, 11, 28, 2, 30, 43, 117596)}
2019-11-28 10:30:43 [scrapy.core.engine] INFO: Spider closed (finished)
2019-11-28 10:31:12 [scrapy.utils.log] INFO: Scrapy 1.8.0 started (bot: baidu)
2019-11-28 10:31:12 [scrapy.utils.log] INFO: Versions: lxml 4.4.1.0, libxml2 2.9.4, cssselect 1.1.0, parsel 1.5.2, w3lib 1.21.0, Twisted 19.10.0, Python 3.8.0 (v3.8.0:fa919fdf25, Oct 14 2019, 10:23:27) - [Clang 6.0 (clang-600.0.57)], pyOpenSSL 19.0.0 (OpenSSL 1.1.1d  10 Sep 2019), cryptography 2.8, Platform macOS-10.14.5-x86_64-i386-64bit
2019-11-28 10:31:12 [scrapy.crawler] INFO: Overridden settings: {'BOT_NAME': 'baidu', 'LOG_FILE': 'bd.log', 'NEWSPIDER_MODULE': 'baidu.spiders', 'ROBOTSTXT_OBEY': True, 'SPIDER_MODULES': ['baidu.spiders']}
2019-11-28 10:31:12 [scrapy.extensions.telnet] INFO: Telnet Password: cfa6b6ed4bae8e1f
2019-11-28 10:31:12 [scrapy.middleware] INFO: Enabled extensions:
['scrapy.extensions.corestats.CoreStats',
 'scrapy.extensions.telnet.TelnetConsole',
 'scrapy.extensions.memusage.MemoryUsage',
 'scrapy.extensions.logstats.LogStats']
2019-11-28 10:31:12 [scrapy.middleware] INFO: Enabled downloader middlewares:
['scrapy.downloadermiddlewares.robotstxt.RobotsTxtMiddleware',
 'scrapy.downloadermiddlewares.httpauth.HttpAuthMiddleware',
 'scrapy.downloadermiddlewares.downloadtimeout.DownloadTimeoutMiddleware',
 'scrapy.downloadermiddlewares.defaultheaders.DefaultHeadersMiddleware',
 'scrapy.downloadermiddlewares.useragent.UserAgentMiddleware',
 'baidu.middlewares.UserAgentMiddleware',
 'scrapy.downloadermiddlewares.retry.RetryMiddleware',
 'scrapy.downloadermiddlewares.redirect.MetaRefreshMiddleware',
 'scrapy.downloadermiddlewares.httpcompression.HttpCompressionMiddleware',
 'scrapy.downloadermiddlewares.redirect.RedirectMiddleware',
 'scrapy.downloadermiddlewares.cookies.CookiesMiddleware',
 'scrapy.downloadermiddlewares.httpproxy.HttpProxyMiddleware',
 'scrapy.downloadermiddlewares.stats.DownloaderStats']
2019-11-28 10:31:12 [scrapy.middleware] INFO: Enabled spider middlewares:
['scrapy.spidermiddlewares.httperror.HttpErrorMiddleware',
 'scrapy.spidermiddlewares.offsite.OffsiteMiddleware',
 'scrapy.spidermiddlewares.referer.RefererMiddleware',
 'scrapy.spidermiddlewares.urllength.UrlLengthMiddleware',
 'scrapy.spidermiddlewares.depth.DepthMiddleware']
2019-11-28 10:31:12 [scrapy.middleware] INFO: Enabled item pipelines:
[]
2019-11-28 10:31:12 [scrapy.core.engine] INFO: Spider opened
2019-11-28 10:31:12 [scrapy.extensions.logstats] INFO: Crawled 0 pages (at 0 pages/min), scraped 0 items (at 0 items/min)
2019-11-28 10:31:12 [scrapy.extensions.telnet] INFO: Telnet console listening on 127.0.0.1:6023
2019-11-28 10:31:12 [scrapy.core.engine] DEBUG: Crawled (200) <GET http://baidu.com/robots.txt> (referer: None)
2019-11-28 10:31:12 [scrapy.downloadermiddlewares.robotstxt] DEBUG: Forbidden by robots.txt: <GET http://baidu.com/>
2019-11-28 10:31:13 [scrapy.core.engine] INFO: Closing spider (finished)
2019-11-28 10:31:13 [scrapy.statscollectors] INFO: Dumping Scrapy stats:
{'downloader/exception_count': 1,
 'downloader/exception_type_count/scrapy.exceptions.IgnoreRequest': 1,
 'downloader/request_bytes': 316,
 'downloader/request_count': 1,
 'downloader/request_method_count/GET': 1,
 'downloader/response_bytes': 2680,
 'downloader/response_count': 1,
 'downloader/response_status_count/200': 1,
 'elapsed_time_seconds': 0.319925,
 'finish_reason': 'finished',
 'finish_time': datetime.datetime(2019, 11, 28, 2, 31, 13, 9293),
 'log_count/DEBUG': 2,
 'log_count/INFO': 10,
 'memusage/max': 51023872,
 'memusage/startup': 51023872,
 'response_received_count': 1,
 'robotstxt/forbidden': 1,
 'robotstxt/request_count': 1,
 'robotstxt/response_count': 1,
 'robotstxt/response_status_count/200': 1,
 'scheduler/dequeued': 1,
 'scheduler/dequeued/memory': 1,
 'scheduler/enqueued': 1,
 'scheduler/enqueued/memory': 1,
 'start_time': datetime.datetime(2019, 11, 28, 2, 31, 12, 689368)}
2019-11-28 10:31:13 [scrapy.core.engine] INFO: Spider closed (finished)
2019-11-28 10:31:23 [scrapy.utils.log] INFO: Scrapy 1.8.0 started (bot: baidu)
2019-11-28 10:31:23 [scrapy.utils.log] INFO: Versions: lxml 4.4.1.0, libxml2 2.9.4, cssselect 1.1.0, parsel 1.5.2, w3lib 1.21.0, Twisted 19.10.0, Python 3.8.0 (v3.8.0:fa919fdf25, Oct 14 2019, 10:23:27) - [Clang 6.0 (clang-600.0.57)], pyOpenSSL 19.0.0 (OpenSSL 1.1.1d  10 Sep 2019), cryptography 2.8, Platform macOS-10.14.5-x86_64-i386-64bit
2019-11-28 10:31:23 [scrapy.crawler] INFO: Overridden settings: {'BOT_NAME': 'baidu', 'LOG_FILE': 'bd.log', 'NEWSPIDER_MODULE': 'baidu.spiders', 'ROBOTSTXT_OBEY': True, 'SPIDER_MODULES': ['baidu.spiders']}
2019-11-28 10:31:23 [scrapy.extensions.telnet] INFO: Telnet Password: c00a8e36ae60ac38
2019-11-28 10:31:23 [scrapy.middleware] INFO: Enabled extensions:
['scrapy.extensions.corestats.CoreStats',
 'scrapy.extensions.telnet.TelnetConsole',
 'scrapy.extensions.memusage.MemoryUsage',
 'scrapy.extensions.logstats.LogStats']
2019-11-28 10:31:23 [scrapy.middleware] INFO: Enabled downloader middlewares:
['scrapy.downloadermiddlewares.robotstxt.RobotsTxtMiddleware',
 'scrapy.downloadermiddlewares.httpauth.HttpAuthMiddleware',
 'scrapy.downloadermiddlewares.downloadtimeout.DownloadTimeoutMiddleware',
 'scrapy.downloadermiddlewares.defaultheaders.DefaultHeadersMiddleware',
 'scrapy.downloadermiddlewares.useragent.UserAgentMiddleware',
 'baidu.middlewares.UserAgentMiddleware',
 'scrapy.downloadermiddlewares.retry.RetryMiddleware',
 'scrapy.downloadermiddlewares.redirect.MetaRefreshMiddleware',
 'scrapy.downloadermiddlewares.httpcompression.HttpCompressionMiddleware',
 'scrapy.downloadermiddlewares.redirect.RedirectMiddleware',
 'scrapy.downloadermiddlewares.cookies.CookiesMiddleware',
 'scrapy.downloadermiddlewares.httpproxy.HttpProxyMiddleware',
 'scrapy.downloadermiddlewares.stats.DownloaderStats']
2019-11-28 10:31:23 [scrapy.middleware] INFO: Enabled spider middlewares:
['scrapy.spidermiddlewares.httperror.HttpErrorMiddleware',
 'scrapy.spidermiddlewares.offsite.OffsiteMiddleware',
 'scrapy.spidermiddlewares.referer.RefererMiddleware',
 'scrapy.spidermiddlewares.urllength.UrlLengthMiddleware',
 'scrapy.spidermiddlewares.depth.DepthMiddleware']
2019-11-28 10:31:23 [scrapy.middleware] INFO: Enabled item pipelines:
[]
2019-11-28 10:31:23 [scrapy.core.engine] INFO: Spider opened
2019-11-28 10:31:23 [scrapy.extensions.logstats] INFO: Crawled 0 pages (at 0 pages/min), scraped 0 items (at 0 items/min)
2019-11-28 10:31:23 [scrapy.extensions.telnet] INFO: Telnet console listening on 127.0.0.1:6023
2019-11-28 10:31:23 [scrapy.core.engine] DEBUG: Crawled (200) <GET http://baidu.com/robots.txt> (referer: None)
2019-11-28 10:31:23 [scrapy.downloadermiddlewares.robotstxt] DEBUG: Forbidden by robots.txt: <GET http://baidu.com/>
2019-11-28 10:31:24 [scrapy.core.engine] INFO: Closing spider (finished)
2019-11-28 10:31:24 [scrapy.statscollectors] INFO: Dumping Scrapy stats:
{'downloader/exception_count': 1,
 'downloader/exception_type_count/scrapy.exceptions.IgnoreRequest': 1,
 'downloader/request_bytes': 279,
 'downloader/request_count': 1,
 'downloader/request_method_count/GET': 1,
 'downloader/response_bytes': 2680,
 'downloader/response_count': 1,
 'downloader/response_status_count/200': 1,
 'elapsed_time_seconds': 0.46515,
 'finish_reason': 'finished',
 'finish_time': datetime.datetime(2019, 11, 28, 2, 31, 24, 59522),
 'log_count/DEBUG': 2,
 'log_count/INFO': 10,
 'memusage/max': 50946048,
 'memusage/startup': 50946048,
 'response_received_count': 1,
 'robotstxt/forbidden': 1,
 'robotstxt/request_count': 1,
 'robotstxt/response_count': 1,
 'robotstxt/response_status_count/200': 1,
 'scheduler/dequeued': 1,
 'scheduler/dequeued/memory': 1,
 'scheduler/enqueued': 1,
 'scheduler/enqueued/memory': 1,
 'start_time': datetime.datetime(2019, 11, 28, 2, 31, 23, 594372)}
2019-11-28 10:31:24 [scrapy.core.engine] INFO: Spider closed (finished)
2019-11-28 10:32:12 [scrapy.utils.log] INFO: Scrapy 1.8.0 started (bot: baidu)
2019-11-28 10:32:12 [scrapy.utils.log] INFO: Versions: lxml 4.4.1.0, libxml2 2.9.4, cssselect 1.1.0, parsel 1.5.2, w3lib 1.21.0, Twisted 19.10.0, Python 3.8.0 (v3.8.0:fa919fdf25, Oct 14 2019, 10:23:27) - [Clang 6.0 (clang-600.0.57)], pyOpenSSL 19.0.0 (OpenSSL 1.1.1d  10 Sep 2019), cryptography 2.8, Platform macOS-10.14.5-x86_64-i386-64bit
2019-11-28 10:32:12 [scrapy.crawler] INFO: Overridden settings: {'BOT_NAME': 'baidu', 'LOG_FILE': 'bd.log', 'NEWSPIDER_MODULE': 'baidu.spiders', 'SPIDER_MODULES': ['baidu.spiders']}
2019-11-28 10:32:12 [scrapy.extensions.telnet] INFO: Telnet Password: 5afdd0a78ed9b4d1
2019-11-28 10:32:12 [scrapy.middleware] INFO: Enabled extensions:
['scrapy.extensions.corestats.CoreStats',
 'scrapy.extensions.telnet.TelnetConsole',
 'scrapy.extensions.memusage.MemoryUsage',
 'scrapy.extensions.logstats.LogStats']
2019-11-28 10:32:12 [scrapy.middleware] INFO: Enabled downloader middlewares:
['scrapy.downloadermiddlewares.httpauth.HttpAuthMiddleware',
 'scrapy.downloadermiddlewares.downloadtimeout.DownloadTimeoutMiddleware',
 'scrapy.downloadermiddlewares.defaultheaders.DefaultHeadersMiddleware',
 'scrapy.downloadermiddlewares.useragent.UserAgentMiddleware',
 'baidu.middlewares.UserAgentMiddleware',
 'scrapy.downloadermiddlewares.retry.RetryMiddleware',
 'scrapy.downloadermiddlewares.redirect.MetaRefreshMiddleware',
 'scrapy.downloadermiddlewares.httpcompression.HttpCompressionMiddleware',
 'scrapy.downloadermiddlewares.redirect.RedirectMiddleware',
 'scrapy.downloadermiddlewares.cookies.CookiesMiddleware',
 'scrapy.downloadermiddlewares.httpproxy.HttpProxyMiddleware',
 'scrapy.downloadermiddlewares.stats.DownloaderStats']
2019-11-28 10:32:12 [scrapy.middleware] INFO: Enabled spider middlewares:
['scrapy.spidermiddlewares.httperror.HttpErrorMiddleware',
 'scrapy.spidermiddlewares.offsite.OffsiteMiddleware',
 'scrapy.spidermiddlewares.referer.RefererMiddleware',
 'scrapy.spidermiddlewares.urllength.UrlLengthMiddleware',
 'scrapy.spidermiddlewares.depth.DepthMiddleware']
2019-11-28 10:32:12 [scrapy.middleware] INFO: Enabled item pipelines:
[]
2019-11-28 10:32:12 [scrapy.core.engine] INFO: Spider opened
2019-11-28 10:32:12 [scrapy.extensions.logstats] INFO: Crawled 0 pages (at 0 pages/min), scraped 0 items (at 0 items/min)
2019-11-28 10:32:12 [scrapy.extensions.telnet] INFO: Telnet console listening on 127.0.0.1:6023
2019-11-28 10:32:13 [scrapy.downloadermiddlewares.redirect] DEBUG: Redirecting (meta refresh) to <GET http://www.baidu.com/> from <GET http://baidu.com/>
2019-11-28 10:32:13 [scrapy.downloadermiddlewares.redirect] DEBUG: Redirecting (302) to <GET https://www.baidu.com/> from <GET http://www.baidu.com/>
2019-11-28 10:32:13 [scrapy.core.engine] DEBUG: Crawled (200) <GET https://www.baidu.com/> (referer: None)
2019-11-28 10:32:13 [scrapy.core.engine] INFO: Closing spider (finished)
2019-11-28 10:32:13 [scrapy.statscollectors] INFO: Dumping Scrapy stats:
{'downloader/request_bytes': 1211,
 'downloader/request_count': 3,
 'downloader/request_method_count/GET': 3,
 'downloader/response_bytes': 43509,
 'downloader/response_count': 3,
 'downloader/response_status_count/200': 2,
 'downloader/response_status_count/302': 1,
 'elapsed_time_seconds': 0.522462,
 'finish_reason': 'finished',
 'finish_time': datetime.datetime(2019, 11, 28, 2, 32, 13, 461396),
 'log_count/DEBUG': 3,
 'log_count/INFO': 10,
 'memusage/max': 50839552,
 'memusage/startup': 50839552,
 'response_received_count': 1,
 'scheduler/dequeued': 3,
 'scheduler/dequeued/memory': 3,
 'scheduler/enqueued': 3,
 'scheduler/enqueued/memory': 3,
 'start_time': datetime.datetime(2019, 11, 28, 2, 32, 12, 938934)}
2019-11-28 10:32:13 [scrapy.core.engine] INFO: Spider closed (finished)
2019-11-28 10:32:24 [scrapy.utils.log] INFO: Scrapy 1.8.0 started (bot: baidu)
2019-11-28 10:32:24 [scrapy.utils.log] INFO: Versions: lxml 4.4.1.0, libxml2 2.9.4, cssselect 1.1.0, parsel 1.5.2, w3lib 1.21.0, Twisted 19.10.0, Python 3.8.0 (v3.8.0:fa919fdf25, Oct 14 2019, 10:23:27) - [Clang 6.0 (clang-600.0.57)], pyOpenSSL 19.0.0 (OpenSSL 1.1.1d  10 Sep 2019), cryptography 2.8, Platform macOS-10.14.5-x86_64-i386-64bit
2019-11-28 10:32:24 [scrapy.crawler] INFO: Overridden settings: {'BOT_NAME': 'baidu', 'LOG_FILE': 'bd.log', 'NEWSPIDER_MODULE': 'baidu.spiders', 'SPIDER_MODULES': ['baidu.spiders']}
2019-11-28 10:32:24 [scrapy.extensions.telnet] INFO: Telnet Password: 0df41d12d3d4b56a
2019-11-28 10:32:24 [scrapy.middleware] INFO: Enabled extensions:
['scrapy.extensions.corestats.CoreStats',
 'scrapy.extensions.telnet.TelnetConsole',
 'scrapy.extensions.memusage.MemoryUsage',
 'scrapy.extensions.logstats.LogStats']
2019-11-28 10:32:24 [scrapy.middleware] INFO: Enabled downloader middlewares:
['scrapy.downloadermiddlewares.httpauth.HttpAuthMiddleware',
 'scrapy.downloadermiddlewares.downloadtimeout.DownloadTimeoutMiddleware',
 'scrapy.downloadermiddlewares.defaultheaders.DefaultHeadersMiddleware',
 'scrapy.downloadermiddlewares.useragent.UserAgentMiddleware',
 'baidu.middlewares.UserAgentMiddleware',
 'scrapy.downloadermiddlewares.retry.RetryMiddleware',
 'scrapy.downloadermiddlewares.redirect.MetaRefreshMiddleware',
 'scrapy.downloadermiddlewares.httpcompression.HttpCompressionMiddleware',
 'scrapy.downloadermiddlewares.redirect.RedirectMiddleware',
 'scrapy.downloadermiddlewares.cookies.CookiesMiddleware',
 'scrapy.downloadermiddlewares.httpproxy.HttpProxyMiddleware',
 'scrapy.downloadermiddlewares.stats.DownloaderStats']
2019-11-28 10:32:24 [scrapy.middleware] INFO: Enabled spider middlewares:
['scrapy.spidermiddlewares.httperror.HttpErrorMiddleware',
 'scrapy.spidermiddlewares.offsite.OffsiteMiddleware',
 'scrapy.spidermiddlewares.referer.RefererMiddleware',
 'scrapy.spidermiddlewares.urllength.UrlLengthMiddleware',
 'scrapy.spidermiddlewares.depth.DepthMiddleware']
2019-11-28 10:32:24 [scrapy.middleware] INFO: Enabled item pipelines:
[]
2019-11-28 10:32:24 [scrapy.core.engine] INFO: Spider opened
2019-11-28 10:32:24 [scrapy.extensions.logstats] INFO: Crawled 0 pages (at 0 pages/min), scraped 0 items (at 0 items/min)
2019-11-28 10:32:24 [scrapy.extensions.telnet] INFO: Telnet console listening on 127.0.0.1:6023
2019-11-28 10:32:24 [scrapy.downloadermiddlewares.redirect] DEBUG: Redirecting (meta refresh) to <GET http://www.baidu.com/> from <GET http://baidu.com/>
2019-11-28 10:32:24 [scrapy.downloadermiddlewares.redirect] DEBUG: Redirecting (302) to <GET https://www.baidu.com/> from <GET http://www.baidu.com/>
2019-11-28 10:32:24 [scrapy.core.engine] DEBUG: Crawled (200) <GET https://www.baidu.com/> (referer: None)
2019-11-28 10:32:25 [scrapy.core.engine] INFO: Closing spider (finished)
2019-11-28 10:32:25 [scrapy.statscollectors] INFO: Dumping Scrapy stats:
{'downloader/request_bytes': 1054,
 'downloader/request_count': 3,
 'downloader/request_method_count/GET': 3,
 'downloader/response_bytes': 43398,
 'downloader/response_count': 3,
 'downloader/response_status_count/200': 2,
 'downloader/response_status_count/302': 1,
 'elapsed_time_seconds': 0.669825,
 'finish_reason': 'finished',
 'finish_time': datetime.datetime(2019, 11, 28, 2, 32, 25, 90683),
 'log_count/DEBUG': 3,
 'log_count/INFO': 10,
 'memusage/max': 50819072,
 'memusage/startup': 50819072,
 'response_received_count': 1,
 'scheduler/dequeued': 3,
 'scheduler/dequeued/memory': 3,
 'scheduler/enqueued': 3,
 'scheduler/enqueued/memory': 3,
 'start_time': datetime.datetime(2019, 11, 28, 2, 32, 24, 420858)}
2019-11-28 10:32:25 [scrapy.core.engine] INFO: Spider closed (finished)
2019-11-28 11:14:02 [scrapy.utils.log] INFO: Scrapy 1.8.0 started (bot: baidu)
2019-11-28 11:14:02 [scrapy.utils.log] INFO: Versions: lxml 4.4.1.0, libxml2 2.9.4, cssselect 1.1.0, parsel 1.5.2, w3lib 1.21.0, Twisted 19.10.0, Python 3.8.0 (v3.8.0:fa919fdf25, Oct 14 2019, 10:23:27) - [Clang 6.0 (clang-600.0.57)], pyOpenSSL 19.0.0 (OpenSSL 1.1.1d  10 Sep 2019), cryptography 2.8, Platform macOS-10.14.5-x86_64-i386-64bit
2019-11-28 11:14:02 [scrapy.crawler] INFO: Overridden settings: {'BOT_NAME': 'baidu', 'LOG_FILE': 'bd.log', 'NEWSPIDER_MODULE': 'baidu.spiders', 'SPIDER_MODULES': ['baidu.spiders']}
2019-11-28 11:14:02 [scrapy.extensions.telnet] INFO: Telnet Password: 25257f9888b4aefe
2019-11-28 11:14:02 [scrapy.middleware] INFO: Enabled extensions:
['scrapy.extensions.corestats.CoreStats',
 'scrapy.extensions.telnet.TelnetConsole',
 'scrapy.extensions.memusage.MemoryUsage',
 'scrapy.extensions.logstats.LogStats']
2019-11-28 11:14:02 [scrapy.middleware] INFO: Enabled downloader middlewares:
['scrapy.downloadermiddlewares.httpauth.HttpAuthMiddleware',
 'scrapy.downloadermiddlewares.downloadtimeout.DownloadTimeoutMiddleware',
 'scrapy.downloadermiddlewares.defaultheaders.DefaultHeadersMiddleware',
 'scrapy.downloadermiddlewares.useragent.UserAgentMiddleware',
 'baidu.middlewares.ProxyMiddlewares',
 'baidu.middlewares.UserAgentMiddleware',
 'scrapy.downloadermiddlewares.retry.RetryMiddleware',
 'scrapy.downloadermiddlewares.redirect.MetaRefreshMiddleware',
 'scrapy.downloadermiddlewares.httpcompression.HttpCompressionMiddleware',
 'scrapy.downloadermiddlewares.redirect.RedirectMiddleware',
 'scrapy.downloadermiddlewares.cookies.CookiesMiddleware',
 'scrapy.downloadermiddlewares.httpproxy.HttpProxyMiddleware',
 'scrapy.downloadermiddlewares.stats.DownloaderStats']
2019-11-28 11:14:02 [scrapy.middleware] INFO: Enabled spider middlewares:
['scrapy.spidermiddlewares.httperror.HttpErrorMiddleware',
 'scrapy.spidermiddlewares.offsite.OffsiteMiddleware',
 'scrapy.spidermiddlewares.referer.RefererMiddleware',
 'scrapy.spidermiddlewares.urllength.UrlLengthMiddleware',
 'scrapy.spidermiddlewares.depth.DepthMiddleware']
2019-11-28 11:14:02 [scrapy.middleware] INFO: Enabled item pipelines:
[]
2019-11-28 11:14:02 [scrapy.core.engine] INFO: Spider opened
2019-11-28 11:14:02 [scrapy.extensions.logstats] INFO: Crawled 0 pages (at 0 pages/min), scraped 0 items (at 0 items/min)
2019-11-28 11:14:02 [scrapy.extensions.telnet] INFO: Telnet console listening on 127.0.0.1:6023
2019-11-28 11:14:03 [scrapy.downloadermiddlewares.redirect] DEBUG: Redirecting (meta refresh) to <GET http://www.baidu.com/> from <GET http://baidu.com/>
2019-11-28 11:14:03 [scrapy.downloadermiddlewares.redirect] DEBUG: Redirecting (302) to <GET https://www.baidu.com/> from <GET http://www.baidu.com/>
2019-11-28 11:14:04 [scrapy.core.engine] DEBUG: Crawled (200) <GET https://www.baidu.com/> (referer: None)
2019-11-28 11:14:04 [scrapy.core.engine] INFO: Closing spider (finished)
2019-11-28 11:14:04 [scrapy.statscollectors] INFO: Dumping Scrapy stats:
{'downloader/request_bytes': 1068,
 'downloader/request_count': 3,
 'downloader/request_method_count/GET': 3,
 'downloader/response_bytes': 43508,
 'downloader/response_count': 3,
 'downloader/response_status_count/200': 2,
 'downloader/response_status_count/302': 1,
 'elapsed_time_seconds': 2.185652,
 'finish_reason': 'finished',
 'finish_time': datetime.datetime(2019, 11, 28, 3, 14, 4, 681452),
 'log_count/DEBUG': 3,
 'log_count/INFO': 10,
 'memusage/max': 50921472,
 'memusage/startup': 50921472,
 'response_received_count': 1,
 'scheduler/dequeued': 3,
 'scheduler/dequeued/memory': 3,
 'scheduler/enqueued': 3,
 'scheduler/enqueued/memory': 3,
 'start_time': datetime.datetime(2019, 11, 28, 3, 14, 2, 495800)}
2019-11-28 11:14:04 [scrapy.core.engine] INFO: Spider closed (finished)
2019-11-28 11:16:26 [scrapy.utils.log] INFO: Scrapy 1.8.0 started (bot: baidu)
2019-11-28 11:16:26 [scrapy.utils.log] INFO: Versions: lxml 4.4.1.0, libxml2 2.9.4, cssselect 1.1.0, parsel 1.5.2, w3lib 1.21.0, Twisted 19.10.0, Python 3.8.0 (v3.8.0:fa919fdf25, Oct 14 2019, 10:23:27) - [Clang 6.0 (clang-600.0.57)], pyOpenSSL 19.0.0 (OpenSSL 1.1.1d  10 Sep 2019), cryptography 2.8, Platform macOS-10.14.5-x86_64-i386-64bit
2019-11-28 11:16:26 [scrapy.crawler] INFO: Overridden settings: {'BOT_NAME': 'baidu', 'LOG_FILE': 'bd.log', 'NEWSPIDER_MODULE': 'baidu.spiders', 'SPIDER_MODULES': ['baidu.spiders']}
2019-11-28 11:16:26 [scrapy.extensions.telnet] INFO: Telnet Password: f7e4470aa804ca7e
2019-11-28 11:16:26 [scrapy.middleware] INFO: Enabled extensions:
['scrapy.extensions.corestats.CoreStats',
 'scrapy.extensions.telnet.TelnetConsole',
 'scrapy.extensions.memusage.MemoryUsage',
 'scrapy.extensions.logstats.LogStats']
2019-11-28 11:16:26 [scrapy.middleware] INFO: Enabled downloader middlewares:
['scrapy.downloadermiddlewares.httpauth.HttpAuthMiddleware',
 'scrapy.downloadermiddlewares.downloadtimeout.DownloadTimeoutMiddleware',
 'scrapy.downloadermiddlewares.defaultheaders.DefaultHeadersMiddleware',
 'scrapy.downloadermiddlewares.useragent.UserAgentMiddleware',
 'baidu.middlewares.RandomCookiesMiddleware',
 'baidu.middlewares.ProxyMiddlewares',
 'baidu.middlewares.UserAgentMiddleware',
 'scrapy.downloadermiddlewares.retry.RetryMiddleware',
 'scrapy.downloadermiddlewares.redirect.MetaRefreshMiddleware',
 'scrapy.downloadermiddlewares.httpcompression.HttpCompressionMiddleware',
 'scrapy.downloadermiddlewares.redirect.RedirectMiddleware',
 'scrapy.downloadermiddlewares.cookies.CookiesMiddleware',
 'scrapy.downloadermiddlewares.httpproxy.HttpProxyMiddleware',
 'scrapy.downloadermiddlewares.stats.DownloaderStats']
2019-11-28 11:16:26 [scrapy.middleware] INFO: Enabled spider middlewares:
['scrapy.spidermiddlewares.httperror.HttpErrorMiddleware',
 'scrapy.spidermiddlewares.offsite.OffsiteMiddleware',
 'scrapy.spidermiddlewares.referer.RefererMiddleware',
 'scrapy.spidermiddlewares.urllength.UrlLengthMiddleware',
 'scrapy.spidermiddlewares.depth.DepthMiddleware']
2019-11-28 11:16:26 [scrapy.middleware] INFO: Enabled item pipelines:
[]
2019-11-28 11:16:26 [scrapy.core.engine] INFO: Spider opened
2019-11-28 11:16:26 [scrapy.extensions.logstats] INFO: Crawled 0 pages (at 0 pages/min), scraped 0 items (at 0 items/min)
2019-11-28 11:16:26 [scrapy.extensions.telnet] INFO: Telnet console listening on 127.0.0.1:6023
2019-11-28 11:16:41 [scrapy.crawler] INFO: Received SIGINT, shutting down gracefully. Send again to force 
2019-11-28 11:16:41 [scrapy.core.engine] INFO: Closing spider (shutdown)
2019-11-28 11:16:41 [scrapy.crawler] INFO: Received SIGINT twice, forcing unclean shutdown
2019-11-28 11:16:41 [scrapy.downloadermiddlewares.retry] DEBUG: Retrying <GET http://baidu.com/> (failed 1 times): An error occurred while connecting: [Failure instance: Traceback (failure with no frames): <class 'twisted.internet.error.ConnectionLost'>: Connection to the other side was lost in a non-clean fashion: Connection lost.
].
2019-11-28 11:16:41 [scrapy.statscollectors] INFO: Dumping Scrapy stats:
{'downloader/exception_count': 1,
 'downloader/exception_type_count/twisted.internet.error.ConnectError': 1,
 'downloader/request_bytes': 331,
 'downloader/request_count': 1,
 'downloader/request_method_count/GET': 1,
 'elapsed_time_seconds': 15.787612,
 'finish_reason': 'shutdown',
 'finish_time': datetime.datetime(2019, 11, 28, 3, 16, 41, 899947),
 'log_count/DEBUG': 1,
 'log_count/INFO': 12,
 'memusage/max': 50913280,
 'memusage/startup': 50913280,
 'retry/count': 1,
 'retry/reason_count/twisted.internet.error.ConnectError': 1,
 'scheduler/dequeued': 1,
 'scheduler/dequeued/memory': 1,
 'scheduler/enqueued': 2,
 'scheduler/enqueued/memory': 2,
 'start_time': datetime.datetime(2019, 11, 28, 3, 16, 26, 112335)}
2019-11-28 11:16:41 [scrapy.core.engine] INFO: Spider closed (shutdown)
2019-11-28 11:16:43 [scrapy.utils.log] INFO: Scrapy 1.8.0 started (bot: baidu)
2019-11-28 11:16:43 [scrapy.utils.log] INFO: Versions: lxml 4.4.1.0, libxml2 2.9.4, cssselect 1.1.0, parsel 1.5.2, w3lib 1.21.0, Twisted 19.10.0, Python 3.8.0 (v3.8.0:fa919fdf25, Oct 14 2019, 10:23:27) - [Clang 6.0 (clang-600.0.57)], pyOpenSSL 19.0.0 (OpenSSL 1.1.1d  10 Sep 2019), cryptography 2.8, Platform macOS-10.14.5-x86_64-i386-64bit
2019-11-28 11:16:43 [scrapy.crawler] INFO: Overridden settings: {'BOT_NAME': 'baidu', 'LOG_FILE': 'bd.log', 'NEWSPIDER_MODULE': 'baidu.spiders', 'SPIDER_MODULES': ['baidu.spiders']}
2019-11-28 11:16:43 [scrapy.extensions.telnet] INFO: Telnet Password: d0d857af8b63bfb3
2019-11-28 11:16:43 [scrapy.middleware] INFO: Enabled extensions:
['scrapy.extensions.corestats.CoreStats',
 'scrapy.extensions.telnet.TelnetConsole',
 'scrapy.extensions.memusage.MemoryUsage',
 'scrapy.extensions.logstats.LogStats']
2019-11-28 11:16:43 [scrapy.middleware] INFO: Enabled downloader middlewares:
['scrapy.downloadermiddlewares.httpauth.HttpAuthMiddleware',
 'scrapy.downloadermiddlewares.downloadtimeout.DownloadTimeoutMiddleware',
 'scrapy.downloadermiddlewares.defaultheaders.DefaultHeadersMiddleware',
 'scrapy.downloadermiddlewares.useragent.UserAgentMiddleware',
 'baidu.middlewares.RandomCookiesMiddleware',
 'baidu.middlewares.UserAgentMiddleware',
 'scrapy.downloadermiddlewares.retry.RetryMiddleware',
 'scrapy.downloadermiddlewares.redirect.MetaRefreshMiddleware',
 'scrapy.downloadermiddlewares.httpcompression.HttpCompressionMiddleware',
 'scrapy.downloadermiddlewares.redirect.RedirectMiddleware',
 'scrapy.downloadermiddlewares.cookies.CookiesMiddleware',
 'scrapy.downloadermiddlewares.httpproxy.HttpProxyMiddleware',
 'scrapy.downloadermiddlewares.stats.DownloaderStats']
2019-11-28 11:16:43 [scrapy.middleware] INFO: Enabled spider middlewares:
['scrapy.spidermiddlewares.httperror.HttpErrorMiddleware',
 'scrapy.spidermiddlewares.offsite.OffsiteMiddleware',
 'scrapy.spidermiddlewares.referer.RefererMiddleware',
 'scrapy.spidermiddlewares.urllength.UrlLengthMiddleware',
 'scrapy.spidermiddlewares.depth.DepthMiddleware']
2019-11-28 11:16:43 [scrapy.middleware] INFO: Enabled item pipelines:
[]
2019-11-28 11:16:43 [scrapy.core.engine] INFO: Spider opened
2019-11-28 11:16:43 [scrapy.extensions.logstats] INFO: Crawled 0 pages (at 0 pages/min), scraped 0 items (at 0 items/min)
2019-11-28 11:16:43 [scrapy.extensions.telnet] INFO: Telnet console listening on 127.0.0.1:6023
2019-11-28 11:16:43 [scrapy.downloadermiddlewares.redirect] DEBUG: Redirecting (302) to <GET https://www.baidu.com/> from <GET http://baidu.com/>
2019-11-28 11:16:44 [scrapy.core.engine] DEBUG: Crawled (200) <GET https://www.baidu.com/> (referer: None)
2019-11-28 11:16:44 [scrapy.core.engine] INFO: Closing spider (finished)
2019-11-28 11:16:44 [scrapy.statscollectors] INFO: Dumping Scrapy stats:
{'downloader/request_bytes': 683,
 'downloader/request_count': 2,
 'downloader/request_method_count/GET': 2,
 'downloader/response_bytes': 42833,
 'downloader/response_count': 2,
 'downloader/response_status_count/200': 1,
 'downloader/response_status_count/302': 1,
 'elapsed_time_seconds': 0.499543,
 'finish_reason': 'finished',
 'finish_time': datetime.datetime(2019, 11, 28, 3, 16, 44, 177123),
 'log_count/DEBUG': 2,
 'log_count/INFO': 10,
 'memusage/max': 50888704,
 'memusage/startup': 50888704,
 'response_received_count': 1,
 'scheduler/dequeued': 2,
 'scheduler/dequeued/memory': 2,
 'scheduler/enqueued': 2,
 'scheduler/enqueued/memory': 2,
 'start_time': datetime.datetime(2019, 11, 28, 3, 16, 43, 677580)}
2019-11-28 11:16:44 [scrapy.core.engine] INFO: Spider closed (finished)
2019-11-28 11:20:22 [scrapy.utils.log] INFO: Scrapy 1.8.0 started (bot: baidu)
2019-11-28 11:20:22 [scrapy.utils.log] INFO: Versions: lxml 4.4.1.0, libxml2 2.9.4, cssselect 1.1.0, parsel 1.5.2, w3lib 1.21.0, Twisted 19.10.0, Python 3.8.0 (v3.8.0:fa919fdf25, Oct 14 2019, 10:23:27) - [Clang 6.0 (clang-600.0.57)], pyOpenSSL 19.0.0 (OpenSSL 1.1.1d  10 Sep 2019), cryptography 2.8, Platform macOS-10.14.5-x86_64-i386-64bit
2019-11-28 11:20:22 [scrapy.crawler] INFO: Overridden settings: {'BOT_NAME': 'baidu', 'LOG_FILE': 'bd.log', 'NEWSPIDER_MODULE': 'baidu.spiders', 'SPIDER_MODULES': ['baidu.spiders']}
2019-11-28 11:20:22 [scrapy.extensions.telnet] INFO: Telnet Password: e9d85b37bf246afc
2019-11-28 11:20:22 [scrapy.middleware] INFO: Enabled extensions:
['scrapy.extensions.corestats.CoreStats',
 'scrapy.extensions.telnet.TelnetConsole',
 'scrapy.extensions.memusage.MemoryUsage',
 'scrapy.extensions.logstats.LogStats']
2019-11-28 11:20:23 [selenium.webdriver.remote.remote_connection] DEBUG: POST http://127.0.0.1:60453/session {"capabilities": {"firstMatch": [{}], "alwaysMatch": {"browserName": "chrome", "platformName": "any", "goog:chromeOptions": {"extensions": [], "args": []}}}, "desiredCapabilities": {"browserName": "chrome", "version": "", "platform": "ANY", "goog:chromeOptions": {"extensions": [], "args": []}}}
2019-11-28 11:20:23 [urllib3.connectionpool] DEBUG: Starting new HTTP connection (1): 127.0.0.1:60453
2019-11-28 11:20:25 [urllib3.connectionpool] DEBUG: http://127.0.0.1:60453 "POST /session HTTP/1.1" 200 845
2019-11-28 11:20:25 [selenium.webdriver.remote.remote_connection] DEBUG: Finished Request
2019-11-28 11:20:25 [selenium.webdriver.remote.remote_connection] DEBUG: POST http://127.0.0.1:60453/session/570a6bee55f94a29e6a0a2399ab8c662/timeouts {"pageLoad": 10000, "sessionId": "570a6bee55f94a29e6a0a2399ab8c662"}
2019-11-28 11:20:25 [urllib3.connectionpool] DEBUG: http://127.0.0.1:60453 "POST /session/570a6bee55f94a29e6a0a2399ab8c662/timeouts HTTP/1.1" 200 278
2019-11-28 11:20:25 [selenium.webdriver.remote.remote_connection] DEBUG: Finished Request
2019-11-28 11:20:25 [selenium.webdriver.remote.remote_connection] DEBUG: POST http://127.0.0.1:60453/session/570a6bee55f94a29e6a0a2399ab8c662/timeouts {"ms": 10000.0, "type": "page load", "sessionId": "570a6bee55f94a29e6a0a2399ab8c662"}
2019-11-28 11:20:25 [urllib3.connectionpool] DEBUG: http://127.0.0.1:60453 "POST /session/570a6bee55f94a29e6a0a2399ab8c662/timeouts HTTP/1.1" 200 72
2019-11-28 11:20:25 [selenium.webdriver.remote.remote_connection] DEBUG: Finished Request
2019-11-28 11:20:25 [scrapy.middleware] INFO: Enabled downloader middlewares:
['scrapy.downloadermiddlewares.httpauth.HttpAuthMiddleware',
 'scrapy.downloadermiddlewares.downloadtimeout.DownloadTimeoutMiddleware',
 'scrapy.downloadermiddlewares.defaultheaders.DefaultHeadersMiddleware',
 'scrapy.downloadermiddlewares.useragent.UserAgentMiddleware',
 'baidu.middlewares.SeleniumMiddleware',
 'baidu.middlewares.UserAgentMiddleware',
 'scrapy.downloadermiddlewares.retry.RetryMiddleware',
 'scrapy.downloadermiddlewares.redirect.MetaRefreshMiddleware',
 'scrapy.downloadermiddlewares.httpcompression.HttpCompressionMiddleware',
 'scrapy.downloadermiddlewares.redirect.RedirectMiddleware',
 'scrapy.downloadermiddlewares.cookies.CookiesMiddleware',
 'scrapy.downloadermiddlewares.httpproxy.HttpProxyMiddleware',
 'scrapy.downloadermiddlewares.stats.DownloaderStats']
2019-11-28 11:20:25 [scrapy.middleware] INFO: Enabled spider middlewares:
['scrapy.spidermiddlewares.httperror.HttpErrorMiddleware',
 'scrapy.spidermiddlewares.offsite.OffsiteMiddleware',
 'scrapy.spidermiddlewares.referer.RefererMiddleware',
 'scrapy.spidermiddlewares.urllength.UrlLengthMiddleware',
 'scrapy.spidermiddlewares.depth.DepthMiddleware']
2019-11-28 11:20:25 [scrapy.middleware] INFO: Enabled item pipelines:
[]
2019-11-28 11:20:25 [scrapy.core.engine] INFO: Spider opened
2019-11-28 11:20:25 [scrapy.extensions.logstats] INFO: Crawled 0 pages (at 0 pages/min), scraped 0 items (at 0 items/min)
2019-11-28 11:20:25 [scrapy.extensions.telnet] INFO: Telnet console listening on 127.0.0.1:6023
2019-11-28 11:20:25 [selenium.webdriver.remote.remote_connection] DEBUG: POST http://127.0.0.1:60453/session/570a6bee55f94a29e6a0a2399ab8c662/url {"url": "http://baidu.com/", "sessionId": "570a6bee55f94a29e6a0a2399ab8c662"}
2019-11-28 11:20:29 [urllib3.connectionpool] DEBUG: http://127.0.0.1:60453 "POST /session/570a6bee55f94a29e6a0a2399ab8c662/url HTTP/1.1" 200 72
2019-11-28 11:20:29 [selenium.webdriver.remote.remote_connection] DEBUG: Finished Request
2019-11-28 11:20:29 [selenium.webdriver.remote.remote_connection] DEBUG: POST http://127.0.0.1:60453/session/570a6bee55f94a29e6a0a2399ab8c662/element {"using": "id", "value": "kw", "sessionId": "570a6bee55f94a29e6a0a2399ab8c662"}
2019-11-28 11:20:29 [urllib3.connectionpool] DEBUG: http://127.0.0.1:60453 "POST /session/570a6bee55f94a29e6a0a2399ab8c662/element HTTP/1.1" 200 102
2019-11-28 11:20:29 [selenium.webdriver.remote.remote_connection] DEBUG: Finished Request
2019-11-28 11:20:30 [selenium.webdriver.remote.remote_connection] DEBUG: POST http://127.0.0.1:60453/session/570a6bee55f94a29e6a0a2399ab8c662/element/0.4917201477973161-1/value {"text": "\u7f8e\u5973", "value": ["\u7f8e", "\u5973"], "id": "0.4917201477973161-1", "sessionId": "570a6bee55f94a29e6a0a2399ab8c662"}
2019-11-28 11:20:31 [urllib3.connectionpool] DEBUG: http://127.0.0.1:60453 "POST /session/570a6bee55f94a29e6a0a2399ab8c662/element/0.4917201477973161-1/value HTTP/1.1" 200 72
2019-11-28 11:20:31 [selenium.webdriver.remote.remote_connection] DEBUG: Finished Request
2019-11-28 11:20:32 [selenium.webdriver.remote.remote_connection] DEBUG: POST http://127.0.0.1:60453/session/570a6bee55f94a29e6a0a2399ab8c662/element {"using": "id", "value": "su", "sessionId": "570a6bee55f94a29e6a0a2399ab8c662"}
2019-11-28 11:20:32 [urllib3.connectionpool] DEBUG: http://127.0.0.1:60453 "POST /session/570a6bee55f94a29e6a0a2399ab8c662/element HTTP/1.1" 200 102
2019-11-28 11:20:32 [selenium.webdriver.remote.remote_connection] DEBUG: Finished Request
2019-11-28 11:20:32 [selenium.webdriver.remote.remote_connection] DEBUG: POST http://127.0.0.1:60453/session/570a6bee55f94a29e6a0a2399ab8c662/element/0.4917201477973161-2/click {"id": "0.4917201477973161-2", "sessionId": "570a6bee55f94a29e6a0a2399ab8c662"}
2019-11-28 11:20:32 [urllib3.connectionpool] DEBUG: http://127.0.0.1:60453 "POST /session/570a6bee55f94a29e6a0a2399ab8c662/element/0.4917201477973161-2/click HTTP/1.1" 200 72
2019-11-28 11:20:32 [selenium.webdriver.remote.remote_connection] DEBUG: Finished Request
2019-11-28 11:20:35 [selenium.webdriver.remote.remote_connection] DEBUG: GET http://127.0.0.1:60453/session/570a6bee55f94a29e6a0a2399ab8c662/screenshot {"sessionId": "570a6bee55f94a29e6a0a2399ab8c662"}
2019-11-28 11:20:35 [urllib3.connectionpool] DEBUG: http://127.0.0.1:60453 "GET /session/570a6bee55f94a29e6a0a2399ab8c662/screenshot HTTP/1.1" 200 606094
2019-11-28 11:20:35 [selenium.webdriver.remote.remote_connection] DEBUG: Finished Request
2019-11-28 11:20:35 [selenium.webdriver.remote.remote_connection] DEBUG: POST http://127.0.0.1:60453/session/570a6bee55f94a29e6a0a2399ab8c662/element {"using": "class name", "value": "n", "sessionId": "570a6bee55f94a29e6a0a2399ab8c662"}
2019-11-28 11:20:35 [urllib3.connectionpool] DEBUG: http://127.0.0.1:60453 "POST /session/570a6bee55f94a29e6a0a2399ab8c662/element HTTP/1.1" 200 102
2019-11-28 11:20:35 [selenium.webdriver.remote.remote_connection] DEBUG: Finished Request
2019-11-28 11:20:35 [selenium.webdriver.remote.remote_connection] DEBUG: POST http://127.0.0.1:60453/session/570a6bee55f94a29e6a0a2399ab8c662/element/0.4917201477973161-3/click {"id": "0.4917201477973161-3", "sessionId": "570a6bee55f94a29e6a0a2399ab8c662"}
2019-11-28 11:20:35 [urllib3.connectionpool] DEBUG: http://127.0.0.1:60453 "POST /session/570a6bee55f94a29e6a0a2399ab8c662/element/0.4917201477973161-3/click HTTP/1.1" 200 72
2019-11-28 11:20:35 [selenium.webdriver.remote.remote_connection] DEBUG: Finished Request
2019-11-28 11:20:35 [selenium.webdriver.remote.remote_connection] DEBUG: GET http://127.0.0.1:60453/session/570a6bee55f94a29e6a0a2399ab8c662/source {"sessionId": "570a6bee55f94a29e6a0a2399ab8c662"}
2019-11-28 11:20:35 [urllib3.connectionpool] DEBUG: http://127.0.0.1:60453 "GET /session/570a6bee55f94a29e6a0a2399ab8c662/source HTTP/1.1" 200 556264
2019-11-28 11:20:35 [selenium.webdriver.remote.remote_connection] DEBUG: Finished Request
2019-11-28 11:20:35 [selenium.webdriver.remote.remote_connection] DEBUG: GET http://127.0.0.1:60453/session/570a6bee55f94a29e6a0a2399ab8c662/source {"sessionId": "570a6bee55f94a29e6a0a2399ab8c662"}
2019-11-28 11:20:35 [urllib3.connectionpool] DEBUG: http://127.0.0.1:60453 "GET /session/570a6bee55f94a29e6a0a2399ab8c662/source HTTP/1.1" 200 556264
2019-11-28 11:20:35 [selenium.webdriver.remote.remote_connection] DEBUG: Finished Request
2019-11-28 11:20:35 [scrapy.core.engine] DEBUG: Crawled (200) <GET http://baidu.com/> (referer: None)
2019-11-28 11:20:36 [scrapy.core.engine] INFO: Closing spider (finished)
2019-11-28 11:20:36 [scrapy.statscollectors] INFO: Dumping Scrapy stats:
{'downloader/response_bytes': 533972,
 'downloader/response_count': 1,
 'downloader/response_status_count/200': 1,
 'elapsed_time_seconds': 10.452381,
 'finish_reason': 'finished',
 'finish_time': datetime.datetime(2019, 11, 28, 3, 20, 36, 92929),
 'log_count/DEBUG': 41,
 'log_count/INFO': 10,
 'memusage/max': 53366784,
 'memusage/startup': 53366784,
 'response_received_count': 1,
 'scheduler/dequeued': 1,
 'scheduler/dequeued/memory': 1,
 'scheduler/enqueued': 1,
 'scheduler/enqueued/memory': 1,
 'start_time': datetime.datetime(2019, 11, 28, 3, 20, 25, 640548)}
2019-11-28 11:20:36 [scrapy.core.engine] INFO: Spider closed (finished)
